{"C:\\Users\\240013\\advanced-issue\\src\\index.js": {"path":"C:\\Users\\240013\\advanced-issue\\src\\index.js","statementMap":{"0":{"start":{"line":1,"column":0},"end":{"line":1,"column":27}},"1":{"start":{"line":2,"column":16},"end":{"line":2,"column":34}},"2":{"start":{"line":3,"column":12},"end":{"line":3,"column":21}},"3":{"start":{"line":5,"column":0},"end":{"line":5,"column":24}},"4":{"start":{"line":6,"column":0},"end":{"line":6,"column":34}},"5":{"start":{"line":8,"column":24},"end":{"line":8,"column":53}},"6":{"start":{"line":9,"column":24},"end":{"line":9,"column":53}},"7":{"start":{"line":11,"column":0},"end":{"line":11,"column":43}},"8":{"start":{"line":12,"column":0},"end":{"line":12,"column":43}},"9":{"start":{"line":14,"column":13},"end":{"line":14,"column":37}},"10":{"start":{"line":15,"column":0},"end":{"line":19,"column":1}},"11":{"start":{"line":16,"column":2},"end":{"line":18,"column":5}},"12":{"start":{"line":17,"column":4},"end":{"line":17,"column":52}},"13":{"start":{"line":21,"column":0},"end":{"line":21,"column":21}}},"fnMap":{"0":{"name":"(anonymous_0)","decl":{"start":{"line":16,"column":19},"end":{"line":16,"column":20}},"loc":{"start":{"line":16,"column":25},"end":{"line":18,"column":3}},"line":16}},"branchMap":{"0":{"loc":{"start":{"line":14,"column":13},"end":{"line":14,"column":37}},"type":"binary-expr","locations":[{"start":{"line":14,"column":13},"end":{"line":14,"column":29}},{"start":{"line":14,"column":33},"end":{"line":14,"column":37}}],"line":14},"1":{"loc":{"start":{"line":15,"column":0},"end":{"line":19,"column":1}},"type":"if","locations":[{"start":{"line":15,"column":0},"end":{"line":19,"column":1}},{"start":{},"end":{}}],"line":15}},"s":{"0":2,"1":2,"2":2,"3":2,"4":2,"5":2,"6":2,"7":2,"8":2,"9":2,"10":2,"11":0,"12":0,"13":2},"f":{"0":0},"b":{"0":[2,2],"1":[0,2]},"_coverageSchema":"1a1c01bbd47fc00a2c39e90264f33305004495a9","hash":"1a66c379bc4ec09dcb87472bd5964449e91565f2"}
,"C:\\Users\\240013\\advanced-issue\\src\\db\\pool.js": {"path":"C:\\Users\\240013\\advanced-issue\\src\\db\\pool.js","statementMap":{"0":{"start":{"line":1,"column":17},"end":{"line":1,"column":30}},"1":{"start":{"line":2,"column":0},"end":{"line":2,"column":27}},"2":{"start":{"line":4,"column":13},"end":{"line":10,"column":2}},"3":{"start":{"line":12,"column":0},"end":{"line":12,"column":22}}},"fnMap":{},"branchMap":{"0":{"loc":{"start":{"line":5,"column":12},"end":{"line":5,"column":50}},"type":"binary-expr","locations":[{"start":{"line":5,"column":12},"end":{"line":5,"column":31}},{"start":{"line":5,"column":39},"end":{"line":5,"column":50}}],"line":5},"1":{"loc":{"start":{"line":6,"column":12},"end":{"line":6,"column":43}},"type":"binary-expr","locations":[{"start":{"line":6,"column":12},"end":{"line":6,"column":31}},{"start":{"line":6,"column":39},"end":{"line":6,"column":43}}],"line":6},"2":{"loc":{"start":{"line":7,"column":12},"end":{"line":7,"column":48}},"type":"binary-expr","locations":[{"start":{"line":7,"column":12},"end":{"line":7,"column":31}},{"start":{"line":7,"column":39},"end":{"line":7,"column":48}}],"line":7},"3":{"loc":{"start":{"line":8,"column":12},"end":{"line":8,"column":50}},"type":"binary-expr","locations":[{"start":{"line":8,"column":12},"end":{"line":8,"column":31}},{"start":{"line":8,"column":39},"end":{"line":8,"column":50}}],"line":8},"4":{"loc":{"start":{"line":9,"column":12},"end":{"line":9,"column":41}},"type":"binary-expr","locations":[{"start":{"line":9,"column":12},"end":{"line":9,"column":35}},{"start":{"line":9,"column":39},"end":{"line":9,"column":41}}],"line":9}},"s":{"0":2,"1":2,"2":2,"3":2},"f":{},"b":{"0":[2,2],"1":[2,2],"2":[2,2],"3":[2,2],"4":[2,2]},"_coverageSchema":"1a1c01bbd47fc00a2c39e90264f33305004495a9","hash":"8c0713c2709aea2d3a784dfb7a8f9374f16c124c"}
,"C:\\Users\\240013\\advanced-issue\\src\\routes\\assignees.js": {"path":"C:\\Users\\240013\\advanced-issue\\src\\routes\\assignees.js","statementMap":{"0":{"start":{"line":1,"column":16},"end":{"line":1,"column":34}},"1":{"start":{"line":2,"column":15},"end":{"line":2,"column":31}},"2":{"start":{"line":3,"column":13},"end":{"line":3,"column":34}},"3":{"start":{"line":6,"column":0},"end":{"line":16,"column":3}},"4":{"start":{"line":7,"column":2},"end":{"line":15,"column":3}},"5":{"start":{"line":8,"column":19},"end":{"line":10,"column":5}},"6":{"start":{"line":11,"column":4},"end":{"line":11,"column":26}},"7":{"start":{"line":13,"column":4},"end":{"line":13,"column":23}},"8":{"start":{"line":14,"column":4},"end":{"line":14,"column":47}},"9":{"start":{"line":19,"column":0},"end":{"line":46,"column":3}},"10":{"start":{"line":20,"column":26},"end":{"line":20,"column":34}},"11":{"start":{"line":21,"column":2},"end":{"line":23,"column":3}},"12":{"start":{"line":22,"column":4},"end":{"line":22,"column":57}},"13":{"start":{"line":24,"column":2},"end":{"line":26,"column":3}},"14":{"start":{"line":25,"column":4},"end":{"line":25,"column":58}},"15":{"start":{"line":27,"column":2},"end":{"line":29,"column":3}},"16":{"start":{"line":28,"column":4},"end":{"line":28,"column":69}},"17":{"start":{"line":30,"column":2},"end":{"line":32,"column":3}},"18":{"start":{"line":31,"column":4},"end":{"line":31,"column":70}},"19":{"start":{"line":33,"column":2},"end":{"line":45,"column":3}},"20":{"start":{"line":34,"column":19},"end":{"line":37,"column":5}},"21":{"start":{"line":38,"column":4},"end":{"line":38,"column":41}},"22":{"start":{"line":40,"column":4},"end":{"line":42,"column":5}},"23":{"start":{"line":41,"column":6},"end":{"line":41,"column":69}},"24":{"start":{"line":43,"column":4},"end":{"line":43,"column":23}},"25":{"start":{"line":44,"column":4},"end":{"line":44,"column":47}},"26":{"start":{"line":48,"column":0},"end":{"line":48,"column":24}}},"fnMap":{"0":{"name":"(anonymous_0)","decl":{"start":{"line":6,"column":16},"end":{"line":6,"column":17}},"loc":{"start":{"line":6,"column":36},"end":{"line":16,"column":1}},"line":6},"1":{"name":"(anonymous_1)","decl":{"start":{"line":19,"column":17},"end":{"line":19,"column":18}},"loc":{"start":{"line":19,"column":37},"end":{"line":46,"column":1}},"line":19}},"branchMap":{"0":{"loc":{"start":{"line":21,"column":2},"end":{"line":23,"column":3}},"type":"if","locations":[{"start":{"line":21,"column":2},"end":{"line":23,"column":3}},{"start":{},"end":{}}],"line":21},"1":{"loc":{"start":{"line":21,"column":6},"end":{"line":21,"column":61}},"type":"binary-expr","locations":[{"start":{"line":21,"column":6},"end":{"line":21,"column":11}},{"start":{"line":21,"column":15},"end":{"line":21,"column":39}},{"start":{"line":21,"column":43},"end":{"line":21,"column":61}}],"line":21},"2":{"loc":{"start":{"line":24,"column":2},"end":{"line":26,"column":3}},"type":"if","locations":[{"start":{"line":24,"column":2},"end":{"line":26,"column":3}},{"start":{},"end":{}}],"line":24},"3":{"loc":{"start":{"line":24,"column":6},"end":{"line":24,"column":64}},"type":"binary-expr","locations":[{"start":{"line":24,"column":6},"end":{"line":24,"column":12}},{"start":{"line":24,"column":16},"end":{"line":24,"column":41}},{"start":{"line":24,"column":45},"end":{"line":24,"column":64}}],"line":24},"4":{"loc":{"start":{"line":27,"column":2},"end":{"line":29,"column":3}},"type":"if","locations":[{"start":{"line":27,"column":2},"end":{"line":29,"column":3}},{"start":{},"end":{}}],"line":27},"5":{"loc":{"start":{"line":30,"column":2},"end":{"line":32,"column":3}},"type":"if","locations":[{"start":{"line":30,"column":2},"end":{"line":32,"column":3}},{"start":{},"end":{}}],"line":30},"6":{"loc":{"start":{"line":40,"column":4},"end":{"line":42,"column":5}},"type":"if","locations":[{"start":{"line":40,"column":4},"end":{"line":42,"column":5}},{"start":{},"end":{}}],"line":40}},"s":{"0":2,"1":2,"2":2,"3":2,"4":1,"5":1,"6":1,"7":0,"8":0,"9":2,"10":4,"11":4,"12":1,"13":3,"14":1,"15":2,"16":0,"17":2,"18":0,"19":2,"20":2,"21":1,"22":1,"23":1,"24":0,"25":0,"26":2},"f":{"0":1,"1":4},"b":{"0":[1,3],"1":[4,3,3],"2":[1,2],"3":[3,2,2],"4":[0,2],"5":[0,2],"6":[1,0]},"_coverageSchema":"1a1c01bbd47fc00a2c39e90264f33305004495a9","hash":"d00da0e92ba0b3548367e8d8ae57d6b58495d301"}
,"C:\\Users\\240013\\advanced-issue\\src\\routes\\inquiries.js": {"path":"C:\\Users\\240013\\advanced-issue\\src\\routes\\inquiries.js","statementMap":{"0":{"start":{"line":1,"column":16},"end":{"line":1,"column":34}},"1":{"start":{"line":2,"column":15},"end":{"line":2,"column":31}},"2":{"start":{"line":3,"column":13},"end":{"line":3,"column":34}},"3":{"start":{"line":6,"column":23},"end":{"line":6,"column":56}},"4":{"start":{"line":9,"column":28},"end":{"line":13,"column":1}},"5":{"start":{"line":16,"column":0},"end":{"line":58,"column":3}},"6":{"start":{"line":17,"column":34},"end":{"line":17,"column":43}},"7":{"start":{"line":19,"column":2},"end":{"line":21,"column":3}},"8":{"start":{"line":20,"column":4},"end":{"line":20,"column":61}},"9":{"start":{"line":22,"column":2},"end":{"line":27,"column":3}},"10":{"start":{"line":23,"column":15},"end":{"line":23,"column":40}},"11":{"start":{"line":24,"column":4},"end":{"line":26,"column":5}},"12":{"start":{"line":25,"column":6},"end":{"line":25,"column":75}},"13":{"start":{"line":29,"column":2},"end":{"line":57,"column":3}},"14":{"start":{"line":30,"column":23},"end":{"line":30,"column":25}},"15":{"start":{"line":31,"column":19},"end":{"line":31,"column":21}},"16":{"start":{"line":33,"column":4},"end":{"line":36,"column":5}},"17":{"start":{"line":34,"column":6},"end":{"line":34,"column":26}},"18":{"start":{"line":35,"column":6},"end":{"line":35,"column":54}},"19":{"start":{"line":37,"column":4},"end":{"line":40,"column":5}},"20":{"start":{"line":38,"column":6},"end":{"line":38,"column":45}},"21":{"start":{"line":39,"column":6},"end":{"line":39,"column":59}},"22":{"start":{"line":42,"column":18},"end":{"line":42,"column":78}},"23":{"start":{"line":43,"column":16},"end":{"line":51,"column":5}},"24":{"start":{"line":52,"column":19},"end":{"line":52,"column":48}},"25":{"start":{"line":53,"column":4},"end":{"line":53,"column":26}},"26":{"start":{"line":55,"column":4},"end":{"line":55,"column":23}},"27":{"start":{"line":56,"column":4},"end":{"line":56,"column":47}},"28":{"start":{"line":61,"column":0},"end":{"line":97,"column":3}},"29":{"start":{"line":62,"column":41},"end":{"line":62,"column":49}},"30":{"start":{"line":64,"column":2},"end":{"line":66,"column":3}},"31":{"start":{"line":65,"column":4},"end":{"line":65,"column":60}},"32":{"start":{"line":67,"column":2},"end":{"line":69,"column":3}},"33":{"start":{"line":68,"column":4},"end":{"line":68,"column":72}},"34":{"start":{"line":70,"column":2},"end":{"line":72,"column":3}},"35":{"start":{"line":71,"column":4},"end":{"line":71,"column":57}},"36":{"start":{"line":74,"column":12},"end":{"line":74,"column":16}},"37":{"start":{"line":75,"column":2},"end":{"line":80,"column":3}},"38":{"start":{"line":76,"column":4},"end":{"line":76,"column":36}},"39":{"start":{"line":77,"column":4},"end":{"line":79,"column":5}},"40":{"start":{"line":78,"column":6},"end":{"line":78,"column":75}},"41":{"start":{"line":82,"column":2},"end":{"line":96,"column":3}},"42":{"start":{"line":83,"column":19},"end":{"line":88,"column":5}},"43":{"start":{"line":89,"column":4},"end":{"line":89,"column":41}},"44":{"start":{"line":91,"column":4},"end":{"line":93,"column":5}},"45":{"start":{"line":92,"column":6},"end":{"line":92,"column":63}},"46":{"start":{"line":94,"column":4},"end":{"line":94,"column":23}},"47":{"start":{"line":95,"column":4},"end":{"line":95,"column":47}},"48":{"start":{"line":100,"column":0},"end":{"line":123,"column":3}},"49":{"start":{"line":101,"column":13},"end":{"line":101,"column":40}},"50":{"start":{"line":102,"column":2},"end":{"line":104,"column":3}},"51":{"start":{"line":103,"column":4},"end":{"line":103,"column":64}},"52":{"start":{"line":105,"column":2},"end":{"line":122,"column":3}},"53":{"start":{"line":106,"column":19},"end":{"line":114,"column":5}},"54":{"start":{"line":115,"column":4},"end":{"line":117,"column":5}},"55":{"start":{"line":116,"column":6},"end":{"line":116,"column":62}},"56":{"start":{"line":118,"column":4},"end":{"line":118,"column":29}},"57":{"start":{"line":120,"column":4},"end":{"line":120,"column":23}},"58":{"start":{"line":121,"column":4},"end":{"line":121,"column":47}},"59":{"start":{"line":126,"column":0},"end":{"line":196,"column":3}},"60":{"start":{"line":127,"column":13},"end":{"line":127,"column":40}},"61":{"start":{"line":128,"column":2},"end":{"line":130,"column":3}},"62":{"start":{"line":129,"column":4},"end":{"line":129,"column":64}},"63":{"start":{"line":132,"column":34},"end":{"line":132,"column":42}},"64":{"start":{"line":134,"column":2},"end":{"line":136,"column":3}},"65":{"start":{"line":135,"column":4},"end":{"line":135,"column":61}},"66":{"start":{"line":138,"column":2},"end":{"line":195,"column":3}},"67":{"start":{"line":140,"column":20},"end":{"line":143,"column":5}},"68":{"start":{"line":144,"column":4},"end":{"line":146,"column":5}},"69":{"start":{"line":145,"column":6},"end":{"line":145,"column":62}},"70":{"start":{"line":148,"column":26},"end":{"line":148,"column":48}},"71":{"start":{"line":151,"column":4},"end":{"line":158,"column":5}},"72":{"start":{"line":152,"column":22},"end":{"line":152,"column":62}},"73":{"start":{"line":153,"column":6},"end":{"line":157,"column":7}},"74":{"start":{"line":154,"column":8},"end":{"line":156,"column":11}},"75":{"start":{"line":160,"column":19},"end":{"line":160,"column":21}},"76":{"start":{"line":161,"column":19},"end":{"line":161,"column":21}},"77":{"start":{"line":163,"column":4},"end":{"line":166,"column":5}},"78":{"start":{"line":164,"column":6},"end":{"line":164,"column":26}},"79":{"start":{"line":165,"column":6},"end":{"line":165,"column":48}},"80":{"start":{"line":167,"column":4},"end":{"line":174,"column":5}},"81":{"start":{"line":168,"column":18},"end":{"line":168,"column":73}},"82":{"start":{"line":169,"column":6},"end":{"line":171,"column":7}},"83":{"start":{"line":170,"column":8},"end":{"line":170,"column":77}},"84":{"start":{"line":172,"column":6},"end":{"line":172,"column":23}},"85":{"start":{"line":173,"column":6},"end":{"line":173,"column":53}},"86":{"start":{"line":176,"column":4},"end":{"line":178,"column":5}},"87":{"start":{"line":177,"column":6},"end":{"line":177,"column":62}},"88":{"start":{"line":180,"column":4},"end":{"line":180,"column":20}},"89":{"start":{"line":181,"column":19},"end":{"line":187,"column":5}},"90":{"start":{"line":188,"column":4},"end":{"line":188,"column":29}},"91":{"start":{"line":190,"column":4},"end":{"line":192,"column":5}},"92":{"start":{"line":191,"column":6},"end":{"line":191,"column":63}},"93":{"start":{"line":193,"column":4},"end":{"line":193,"column":23}},"94":{"start":{"line":194,"column":4},"end":{"line":194,"column":47}},"95":{"start":{"line":199,"column":0},"end":{"line":217,"column":3}},"96":{"start":{"line":200,"column":13},"end":{"line":200,"column":40}},"97":{"start":{"line":201,"column":2},"end":{"line":203,"column":3}},"98":{"start":{"line":202,"column":4},"end":{"line":202,"column":64}},"99":{"start":{"line":204,"column":2},"end":{"line":216,"column":3}},"100":{"start":{"line":205,"column":19},"end":{"line":208,"column":5}},"101":{"start":{"line":209,"column":4},"end":{"line":211,"column":5}},"102":{"start":{"line":210,"column":6},"end":{"line":210,"column":62}},"103":{"start":{"line":212,"column":4},"end":{"line":212,"column":26}},"104":{"start":{"line":214,"column":4},"end":{"line":214,"column":23}},"105":{"start":{"line":215,"column":4},"end":{"line":215,"column":47}},"106":{"start":{"line":220,"column":0},"end":{"line":240,"column":3}},"107":{"start":{"line":221,"column":13},"end":{"line":221,"column":40}},"108":{"start":{"line":222,"column":2},"end":{"line":224,"column":3}},"109":{"start":{"line":223,"column":4},"end":{"line":223,"column":64}},"110":{"start":{"line":225,"column":2},"end":{"line":239,"column":3}},"111":{"start":{"line":227,"column":16},"end":{"line":227,"column":80}},"112":{"start":{"line":228,"column":4},"end":{"line":230,"column":5}},"113":{"start":{"line":229,"column":6},"end":{"line":229,"column":62}},"114":{"start":{"line":231,"column":19},"end":{"line":234,"column":5}},"115":{"start":{"line":235,"column":4},"end":{"line":235,"column":26}},"116":{"start":{"line":237,"column":4},"end":{"line":237,"column":23}},"117":{"start":{"line":238,"column":4},"end":{"line":238,"column":47}},"118":{"start":{"line":243,"column":0},"end":{"line":275,"column":3}},"119":{"start":{"line":244,"column":13},"end":{"line":244,"column":40}},"120":{"start":{"line":245,"column":2},"end":{"line":247,"column":3}},"121":{"start":{"line":246,"column":4},"end":{"line":246,"column":64}},"122":{"start":{"line":249,"column":27},"end":{"line":249,"column":35}},"123":{"start":{"line":250,"column":2},"end":{"line":252,"column":3}},"124":{"start":{"line":251,"column":4},"end":{"line":251,"column":59}},"125":{"start":{"line":253,"column":2},"end":{"line":255,"column":3}},"126":{"start":{"line":254,"column":4},"end":{"line":254,"column":71}},"127":{"start":{"line":256,"column":2},"end":{"line":258,"column":3}},"128":{"start":{"line":257,"column":4},"end":{"line":257,"column":57}},"129":{"start":{"line":260,"column":2},"end":{"line":274,"column":3}},"130":{"start":{"line":262,"column":16},"end":{"line":262,"column":80}},"131":{"start":{"line":263,"column":4},"end":{"line":265,"column":5}},"132":{"start":{"line":264,"column":6},"end":{"line":264,"column":62}},"133":{"start":{"line":266,"column":19},"end":{"line":269,"column":5}},"134":{"start":{"line":270,"column":4},"end":{"line":270,"column":41}},"135":{"start":{"line":272,"column":4},"end":{"line":272,"column":23}},"136":{"start":{"line":273,"column":4},"end":{"line":273,"column":47}},"137":{"start":{"line":277,"column":0},"end":{"line":277,"column":24}}},"fnMap":{"0":{"name":"(anonymous_0)","decl":{"start":{"line":16,"column":16},"end":{"line":16,"column":17}},"loc":{"start":{"line":16,"column":36},"end":{"line":58,"column":1}},"line":16},"1":{"name":"(anonymous_1)","decl":{"start":{"line":61,"column":17},"end":{"line":61,"column":18}},"loc":{"start":{"line":61,"column":37},"end":{"line":97,"column":1}},"line":61},"2":{"name":"(anonymous_2)","decl":{"start":{"line":100,"column":19},"end":{"line":100,"column":20}},"loc":{"start":{"line":100,"column":39},"end":{"line":123,"column":1}},"line":100},"3":{"name":"(anonymous_3)","decl":{"start":{"line":126,"column":21},"end":{"line":126,"column":22}},"loc":{"start":{"line":126,"column":41},"end":{"line":196,"column":1}},"line":126},"4":{"name":"(anonymous_4)","decl":{"start":{"line":199,"column":22},"end":{"line":199,"column":23}},"loc":{"start":{"line":199,"column":42},"end":{"line":217,"column":1}},"line":199},"5":{"name":"(anonymous_5)","decl":{"start":{"line":220,"column":28},"end":{"line":220,"column":29}},"loc":{"start":{"line":220,"column":48},"end":{"line":240,"column":1}},"line":220},"6":{"name":"(anonymous_6)","decl":{"start":{"line":243,"column":29},"end":{"line":243,"column":30}},"loc":{"start":{"line":243,"column":49},"end":{"line":275,"column":1}},"line":243}},"branchMap":{"0":{"loc":{"start":{"line":19,"column":2},"end":{"line":21,"column":3}},"type":"if","locations":[{"start":{"line":19,"column":2},"end":{"line":21,"column":3}},{"start":{},"end":{}}],"line":19},"1":{"loc":{"start":{"line":19,"column":6},"end":{"line":19,"column":48}},"type":"binary-expr","locations":[{"start":{"line":19,"column":6},"end":{"line":19,"column":12}},{"start":{"line":19,"column":16},"end":{"line":19,"column":48}}],"line":19},"2":{"loc":{"start":{"line":22,"column":2},"end":{"line":27,"column":3}},"type":"if","locations":[{"start":{"line":22,"column":2},"end":{"line":27,"column":3}},{"start":{},"end":{}}],"line":22},"3":{"loc":{"start":{"line":24,"column":4},"end":{"line":26,"column":5}},"type":"if","locations":[{"start":{"line":24,"column":4},"end":{"line":26,"column":5}},{"start":{},"end":{}}],"line":24},"4":{"loc":{"start":{"line":24,"column":8},"end":{"line":24,"column":28}},"type":"binary-expr","locations":[{"start":{"line":24,"column":8},"end":{"line":24,"column":17}},{"start":{"line":24,"column":21},"end":{"line":24,"column":28}}],"line":24},"5":{"loc":{"start":{"line":33,"column":4},"end":{"line":36,"column":5}},"type":"if","locations":[{"start":{"line":33,"column":4},"end":{"line":36,"column":5}},{"start":{},"end":{}}],"line":33},"6":{"loc":{"start":{"line":37,"column":4},"end":{"line":40,"column":5}},"type":"if","locations":[{"start":{"line":37,"column":4},"end":{"line":40,"column":5}},{"start":{},"end":{}}],"line":37},"7":{"loc":{"start":{"line":42,"column":18},"end":{"line":42,"column":78}},"type":"cond-expr","locations":[{"start":{"line":42,"column":38},"end":{"line":42,"column":73}},{"start":{"line":42,"column":76},"end":{"line":42,"column":78}}],"line":42},"8":{"loc":{"start":{"line":64,"column":2},"end":{"line":66,"column":3}},"type":"if","locations":[{"start":{"line":64,"column":2},"end":{"line":66,"column":3}},{"start":{},"end":{}}],"line":64},"9":{"loc":{"start":{"line":64,"column":6},"end":{"line":64,"column":70}},"type":"binary-expr","locations":[{"start":{"line":64,"column":6},"end":{"line":64,"column":14}},{"start":{"line":64,"column":18},"end":{"line":64,"column":45}},{"start":{"line":64,"column":49},"end":{"line":64,"column":70}}],"line":64},"10":{"loc":{"start":{"line":67,"column":2},"end":{"line":69,"column":3}},"type":"if","locations":[{"start":{"line":67,"column":2},"end":{"line":69,"column":3}},{"start":{},"end":{}}],"line":67},"11":{"loc":{"start":{"line":70,"column":2},"end":{"line":72,"column":3}},"type":"if","locations":[{"start":{"line":70,"column":2},"end":{"line":72,"column":3}},{"start":{},"end":{}}],"line":70},"12":{"loc":{"start":{"line":70,"column":6},"end":{"line":70,"column":61}},"type":"binary-expr","locations":[{"start":{"line":70,"column":6},"end":{"line":70,"column":11}},{"start":{"line":70,"column":15},"end":{"line":70,"column":39}},{"start":{"line":70,"column":43},"end":{"line":70,"column":61}}],"line":70},"13":{"loc":{"start":{"line":75,"column":2},"end":{"line":80,"column":3}},"type":"if","locations":[{"start":{"line":75,"column":2},"end":{"line":80,"column":3}},{"start":{},"end":{}}],"line":75},"14":{"loc":{"start":{"line":75,"column":6},"end":{"line":75,"column":77}},"type":"binary-expr","locations":[{"start":{"line":75,"column":6},"end":{"line":75,"column":31}},{"start":{"line":75,"column":35},"end":{"line":75,"column":55}},{"start":{"line":75,"column":59},"end":{"line":75,"column":77}}],"line":75},"15":{"loc":{"start":{"line":77,"column":4},"end":{"line":79,"column":5}},"type":"if","locations":[{"start":{"line":77,"column":4},"end":{"line":79,"column":5}},{"start":{},"end":{}}],"line":77},"16":{"loc":{"start":{"line":77,"column":8},"end":{"line":77,"column":30}},"type":"binary-expr","locations":[{"start":{"line":77,"column":8},"end":{"line":77,"column":18}},{"start":{"line":77,"column":22},"end":{"line":77,"column":30}}],"line":77},"17":{"loc":{"start":{"line":91,"column":4},"end":{"line":93,"column":5}},"type":"if","locations":[{"start":{"line":91,"column":4},"end":{"line":93,"column":5}},{"start":{},"end":{}}],"line":91},"18":{"loc":{"start":{"line":102,"column":2},"end":{"line":104,"column":3}},"type":"if","locations":[{"start":{"line":102,"column":2},"end":{"line":104,"column":3}},{"start":{},"end":{}}],"line":102},"19":{"loc":{"start":{"line":102,"column":6},"end":{"line":102,"column":26}},"type":"binary-expr","locations":[{"start":{"line":102,"column":6},"end":{"line":102,"column":15}},{"start":{"line":102,"column":19},"end":{"line":102,"column":26}}],"line":102},"20":{"loc":{"start":{"line":115,"column":4},"end":{"line":117,"column":5}},"type":"if","locations":[{"start":{"line":115,"column":4},"end":{"line":117,"column":5}},{"start":{},"end":{}}],"line":115},"21":{"loc":{"start":{"line":128,"column":2},"end":{"line":130,"column":3}},"type":"if","locations":[{"start":{"line":128,"column":2},"end":{"line":130,"column":3}},{"start":{},"end":{}}],"line":128},"22":{"loc":{"start":{"line":128,"column":6},"end":{"line":128,"column":26}},"type":"binary-expr","locations":[{"start":{"line":128,"column":6},"end":{"line":128,"column":15}},{"start":{"line":128,"column":19},"end":{"line":128,"column":26}}],"line":128},"23":{"loc":{"start":{"line":134,"column":2},"end":{"line":136,"column":3}},"type":"if","locations":[{"start":{"line":134,"column":2},"end":{"line":136,"column":3}},{"start":{},"end":{}}],"line":134},"24":{"loc":{"start":{"line":134,"column":6},"end":{"line":134,"column":62}},"type":"binary-expr","locations":[{"start":{"line":134,"column":6},"end":{"line":134,"column":26}},{"start":{"line":134,"column":30},"end":{"line":134,"column":62}}],"line":134},"25":{"loc":{"start":{"line":144,"column":4},"end":{"line":146,"column":5}},"type":"if","locations":[{"start":{"line":144,"column":4},"end":{"line":146,"column":5}},{"start":{},"end":{}}],"line":144},"26":{"loc":{"start":{"line":151,"column":4},"end":{"line":158,"column":5}},"type":"if","locations":[{"start":{"line":151,"column":4},"end":{"line":158,"column":5}},{"start":{},"end":{}}],"line":151},"27":{"loc":{"start":{"line":151,"column":8},"end":{"line":151,"column":56}},"type":"binary-expr","locations":[{"start":{"line":151,"column":8},"end":{"line":151,"column":28}},{"start":{"line":151,"column":32},"end":{"line":151,"column":56}}],"line":151},"28":{"loc":{"start":{"line":152,"column":22},"end":{"line":152,"column":62}},"type":"binary-expr","locations":[{"start":{"line":152,"column":22},"end":{"line":152,"column":56}},{"start":{"line":152,"column":60},"end":{"line":152,"column":62}}],"line":152},"29":{"loc":{"start":{"line":153,"column":6},"end":{"line":157,"column":7}},"type":"if","locations":[{"start":{"line":153,"column":6},"end":{"line":157,"column":7}},{"start":{},"end":{}}],"line":153},"30":{"loc":{"start":{"line":163,"column":4},"end":{"line":166,"column":5}},"type":"if","locations":[{"start":{"line":163,"column":4},"end":{"line":166,"column":5}},{"start":{},"end":{}}],"line":163},"31":{"loc":{"start":{"line":167,"column":4},"end":{"line":174,"column":5}},"type":"if","locations":[{"start":{"line":167,"column":4},"end":{"line":174,"column":5}},{"start":{},"end":{}}],"line":167},"32":{"loc":{"start":{"line":168,"column":18},"end":{"line":168,"column":73}},"type":"cond-expr","locations":[{"start":{"line":168,"column":41},"end":{"line":168,"column":45}},{"start":{"line":168,"column":48},"end":{"line":168,"column":73}}],"line":168},"33":{"loc":{"start":{"line":169,"column":6},"end":{"line":171,"column":7}},"type":"if","locations":[{"start":{"line":169,"column":6},"end":{"line":171,"column":7}},{"start":{},"end":{}}],"line":169},"34":{"loc":{"start":{"line":169,"column":10},"end":{"line":169,"column":50}},"type":"binary-expr","locations":[{"start":{"line":169,"column":10},"end":{"line":169,"column":22}},{"start":{"line":169,"column":27},"end":{"line":169,"column":37}},{"start":{"line":169,"column":41},"end":{"line":169,"column":49}}],"line":169},"35":{"loc":{"start":{"line":176,"column":4},"end":{"line":178,"column":5}},"type":"if","locations":[{"start":{"line":176,"column":4},"end":{"line":178,"column":5}},{"start":{},"end":{}}],"line":176},"36":{"loc":{"start":{"line":190,"column":4},"end":{"line":192,"column":5}},"type":"if","locations":[{"start":{"line":190,"column":4},"end":{"line":192,"column":5}},{"start":{},"end":{}}],"line":190},"37":{"loc":{"start":{"line":201,"column":2},"end":{"line":203,"column":3}},"type":"if","locations":[{"start":{"line":201,"column":2},"end":{"line":203,"column":3}},{"start":{},"end":{}}],"line":201},"38":{"loc":{"start":{"line":201,"column":6},"end":{"line":201,"column":26}},"type":"binary-expr","locations":[{"start":{"line":201,"column":6},"end":{"line":201,"column":15}},{"start":{"line":201,"column":19},"end":{"line":201,"column":26}}],"line":201},"39":{"loc":{"start":{"line":209,"column":4},"end":{"line":211,"column":5}},"type":"if","locations":[{"start":{"line":209,"column":4},"end":{"line":211,"column":5}},{"start":{},"end":{}}],"line":209},"40":{"loc":{"start":{"line":222,"column":2},"end":{"line":224,"column":3}},"type":"if","locations":[{"start":{"line":222,"column":2},"end":{"line":224,"column":3}},{"start":{},"end":{}}],"line":222},"41":{"loc":{"start":{"line":222,"column":6},"end":{"line":222,"column":26}},"type":"binary-expr","locations":[{"start":{"line":222,"column":6},"end":{"line":222,"column":15}},{"start":{"line":222,"column":19},"end":{"line":222,"column":26}}],"line":222},"42":{"loc":{"start":{"line":228,"column":4},"end":{"line":230,"column":5}},"type":"if","locations":[{"start":{"line":228,"column":4},"end":{"line":230,"column":5}},{"start":{},"end":{}}],"line":228},"43":{"loc":{"start":{"line":245,"column":2},"end":{"line":247,"column":3}},"type":"if","locations":[{"start":{"line":245,"column":2},"end":{"line":247,"column":3}},{"start":{},"end":{}}],"line":245},"44":{"loc":{"start":{"line":245,"column":6},"end":{"line":245,"column":26}},"type":"binary-expr","locations":[{"start":{"line":245,"column":6},"end":{"line":245,"column":15}},{"start":{"line":245,"column":19},"end":{"line":245,"column":26}}],"line":245},"45":{"loc":{"start":{"line":250,"column":2},"end":{"line":252,"column":3}},"type":"if","locations":[{"start":{"line":250,"column":2},"end":{"line":252,"column":3}},{"start":{},"end":{}}],"line":250},"46":{"loc":{"start":{"line":250,"column":6},"end":{"line":250,"column":67}},"type":"binary-expr","locations":[{"start":{"line":250,"column":6},"end":{"line":250,"column":13}},{"start":{"line":250,"column":17},"end":{"line":250,"column":43}},{"start":{"line":250,"column":47},"end":{"line":250,"column":67}}],"line":250},"47":{"loc":{"start":{"line":253,"column":2},"end":{"line":255,"column":3}},"type":"if","locations":[{"start":{"line":253,"column":2},"end":{"line":255,"column":3}},{"start":{},"end":{}}],"line":253},"48":{"loc":{"start":{"line":256,"column":2},"end":{"line":258,"column":3}},"type":"if","locations":[{"start":{"line":256,"column":2},"end":{"line":258,"column":3}},{"start":{},"end":{}}],"line":256},"49":{"loc":{"start":{"line":256,"column":6},"end":{"line":256,"column":61}},"type":"binary-expr","locations":[{"start":{"line":256,"column":6},"end":{"line":256,"column":11}},{"start":{"line":256,"column":15},"end":{"line":256,"column":39}},{"start":{"line":256,"column":43},"end":{"line":256,"column":61}}],"line":256},"50":{"loc":{"start":{"line":263,"column":4},"end":{"line":265,"column":5}},"type":"if","locations":[{"start":{"line":263,"column":4},"end":{"line":265,"column":5}},{"start":{},"end":{}}],"line":263}},"s":{"0":2,"1":2,"2":2,"3":2,"4":2,"5":2,"6":4,"7":4,"8":1,"9":3,"10":1,"11":1,"12":1,"13":2,"14":2,"15":2,"16":2,"17":1,"18":1,"19":2,"20":0,"21":0,"22":2,"23":2,"24":2,"25":2,"26":0,"27":0,"28":2,"29":5,"30":5,"31":1,"32":4,"33":1,"34":3,"35":1,"36":2,"37":2,"38":1,"39":1,"40":0,"41":2,"42":2,"43":1,"44":1,"45":1,"46":0,"47":0,"48":2,"49":3,"50":3,"51":1,"52":2,"53":2,"54":2,"55":1,"56":1,"57":0,"58":0,"59":2,"60":5,"61":5,"62":0,"63":5,"64":5,"65":1,"66":4,"67":4,"68":4,"69":1,"70":3,"71":3,"72":2,"73":2,"74":1,"75":2,"76":2,"77":2,"78":1,"79":1,"80":2,"81":0,"82":0,"83":0,"84":0,"85":0,"86":2,"87":1,"88":1,"89":1,"90":1,"91":0,"92":0,"93":0,"94":0,"95":2,"96":2,"97":2,"98":0,"99":2,"100":2,"101":2,"102":1,"103":1,"104":0,"105":0,"106":2,"107":2,"108":2,"109":0,"110":2,"111":2,"112":2,"113":1,"114":1,"115":1,"116":0,"117":0,"118":2,"119":4,"120":4,"121":0,"122":4,"123":4,"124":1,"125":3,"126":0,"127":3,"128":1,"129":2,"130":2,"131":2,"132":1,"133":1,"134":1,"135":0,"136":0,"137":2},"f":{"0":4,"1":5,"2":3,"3":5,"4":2,"5":2,"6":4},"b":{"0":[1,3],"1":[4,2],"2":[1,2],"3":[1,0],"4":[1,0],"5":[1,1],"6":[0,2],"7":[1,1],"8":[1,4],"9":[5,4,4],"10":[1,3],"11":[1,2],"12":[3,2,2],"13":[1,1],"14":[2,1,1],"15":[0,1],"16":[1,1],"17":[1,0],"18":[1,2],"19":[3,2],"20":[1,1],"21":[0,5],"22":[5,5],"23":[1,4],"24":[5,4],"25":[1,3],"26":[2,1],"27":[3,2],"28":[2,0],"29":[1,1],"30":[1,1],"31":[0,2],"32":[0,0],"33":[0,0],"34":[0,0,0],"35":[1,1],"36":[0,0],"37":[0,2],"38":[2,2],"39":[1,1],"40":[0,2],"41":[2,2],"42":[1,1],"43":[0,4],"44":[4,4],"45":[1,3],"46":[4,3,3],"47":[0,3],"48":[1,2],"49":[3,2,2],"50":[1,1]},"_coverageSchema":"1a1c01bbd47fc00a2c39e90264f33305004495a9","hash":"abc6362fe9e2154573258e42dfc34864ad3e82c7"}
}
