TN:
SF:src\index.js
FN:16,(anonymous_0)
FNF:1
FNH:0
FNDA:0,(anonymous_0)
DA:1,2
DA:2,2
DA:3,2
DA:5,2
DA:6,2
DA:8,2
DA:9,2
DA:11,2
DA:12,2
DA:14,2
DA:15,2
DA:16,0
DA:17,0
DA:21,2
LF:14
LH:12
BRDA:14,0,0,2
BRDA:14,0,1,2
BRDA:15,1,0,0
BRDA:15,1,1,2
BRF:4
BRH:3
end_of_record
TN:
SF:src\db\pool.js
FNF:0
FNH:0
DA:1,2
DA:2,2
DA:4,2
DA:12,2
LF:4
LH:4
BRDA:5,0,0,2
BRDA:5,0,1,2
BRDA:6,1,0,2
BRDA:6,1,1,2
BRDA:7,2,0,2
BRDA:7,2,1,2
BRDA:8,3,0,2
BRDA:8,3,1,2
BRDA:9,4,0,2
BRDA:9,4,1,2
BRF:10
BRH:10
end_of_record
TN:
SF:src\routes\assignees.js
FN:6,(anonymous_0)
FN:19,(anonymous_1)
FNF:2
FNH:2
FNDA:1,(anonymous_0)
FNDA:4,(anonymous_1)
DA:1,2
DA:2,2
DA:3,2
DA:6,2
DA:7,1
DA:8,1
DA:11,1
DA:13,0
DA:14,0
DA:19,2
DA:20,4
DA:21,4
DA:22,1
DA:24,3
DA:25,1
DA:27,2
DA:28,0
DA:30,2
DA:31,0
DA:33,2
DA:34,2
DA:38,1
DA:40,1
DA:41,1
DA:43,0
DA:44,0
DA:48,2
LF:27
LH:21
BRDA:21,0,0,1
BRDA:21,0,1,3
BRDA:21,1,0,4
BRDA:21,1,1,3
BRDA:21,1,2,3
BRDA:24,2,0,1
BRDA:24,2,1,2
BRDA:24,3,0,3
BRDA:24,3,1,2
BRDA:24,3,2,2
BRDA:27,4,0,0
BRDA:27,4,1,2
BRDA:30,5,0,0
BRDA:30,5,1,2
BRDA:40,6,0,1
BRDA:40,6,1,0
BRF:16
BRH:13
end_of_record
TN:
SF:src\routes\inquiries.js
FN:16,(anonymous_0)
FN:61,(anonymous_1)
FN:100,(anonymous_2)
FN:126,(anonymous_3)
FN:199,(anonymous_4)
FN:220,(anonymous_5)
FN:243,(anonymous_6)
FNF:7
FNH:7
FNDA:4,(anonymous_0)
FNDA:5,(anonymous_1)
FNDA:3,(anonymous_2)
FNDA:5,(anonymous_3)
FNDA:2,(anonymous_4)
FNDA:2,(anonymous_5)
FNDA:4,(anonymous_6)
DA:1,2
DA:2,2
DA:3,2
DA:6,2
DA:9,2
DA:16,2
DA:17,4
DA:19,4
DA:20,1
DA:22,3
DA:23,1
DA:24,1
DA:25,1
DA:29,2
DA:30,2
DA:31,2
DA:33,2
DA:34,1
DA:35,1
DA:37,2
DA:38,0
DA:39,0
DA:42,2
DA:43,2
DA:52,2
DA:53,2
DA:55,0
DA:56,0
DA:61,2
DA:62,5
DA:64,5
DA:65,1
DA:67,4
DA:68,1
DA:70,3
DA:71,1
DA:74,2
DA:75,2
DA:76,1
DA:77,1
DA:78,0
DA:82,2
DA:83,2
DA:89,1
DA:91,1
DA:92,1
DA:94,0
DA:95,0
DA:100,2
DA:101,3
DA:102,3
DA:103,1
DA:105,2
DA:106,2
DA:115,2
DA:116,1
DA:118,1
DA:120,0
DA:121,0
DA:126,2
DA:127,5
DA:128,5
DA:129,0
DA:132,5
DA:134,5
DA:135,1
DA:138,4
DA:140,4
DA:144,4
DA:145,1
DA:148,3
DA:151,3
DA:152,2
DA:153,2
DA:154,1
DA:160,2
DA:161,2
DA:163,2
DA:164,1
DA:165,1
DA:167,2
DA:168,0
DA:169,0
DA:170,0
DA:172,0
DA:173,0
DA:176,2
DA:177,1
DA:180,1
DA:181,1
DA:188,1
DA:190,0
DA:191,0
DA:193,0
DA:194,0
DA:199,2
DA:200,2
DA:201,2
DA:202,0
DA:204,2
DA:205,2
DA:209,2
DA:210,1
DA:212,1
DA:214,0
DA:215,0
DA:220,2
DA:221,2
DA:222,2
DA:223,0
DA:225,2
DA:227,2
DA:228,2
DA:229,1
DA:231,1
DA:235,1
DA:237,0
DA:238,0
DA:243,2
DA:244,4
DA:245,4
DA:246,0
DA:249,4
DA:250,4
DA:251,1
DA:253,3
DA:254,0
DA:256,3
DA:257,1
DA:260,2
DA:262,2
DA:263,2
DA:264,1
DA:266,1
DA:270,1
DA:272,0
DA:273,0
DA:277,2
LF:138
LH:109
BRDA:19,0,0,1
BRDA:19,0,1,3
BRDA:19,1,0,4
BRDA:19,1,1,2
BRDA:22,2,0,1
BRDA:22,2,1,2
BRDA:24,3,0,1
BRDA:24,3,1,0
BRDA:24,4,0,1
BRDA:24,4,1,0
BRDA:33,5,0,1
BRDA:33,5,1,1
BRDA:37,6,0,0
BRDA:37,6,1,2
BRDA:42,7,0,1
BRDA:42,7,1,1
BRDA:64,8,0,1
BRDA:64,8,1,4
BRDA:64,9,0,5
BRDA:64,9,1,4
BRDA:64,9,2,4
BRDA:67,10,0,1
BRDA:67,10,1,3
BRDA:70,11,0,1
BRDA:70,11,1,2
BRDA:70,12,0,3
BRDA:70,12,1,2
BRDA:70,12,2,2
BRDA:75,13,0,1
BRDA:75,13,1,1
BRDA:75,14,0,2
BRDA:75,14,1,1
BRDA:75,14,2,1
BRDA:77,15,0,0
BRDA:77,15,1,1
BRDA:77,16,0,1
BRDA:77,16,1,1
BRDA:91,17,0,1
BRDA:91,17,1,0
BRDA:102,18,0,1
BRDA:102,18,1,2
BRDA:102,19,0,3
BRDA:102,19,1,2
BRDA:115,20,0,1
BRDA:115,20,1,1
BRDA:128,21,0,0
BRDA:128,21,1,5
BRDA:128,22,0,5
BRDA:128,22,1,5
BRDA:134,23,0,1
BRDA:134,23,1,4
BRDA:134,24,0,5
BRDA:134,24,1,4
BRDA:144,25,0,1
BRDA:144,25,1,3
BRDA:151,26,0,2
BRDA:151,26,1,1
BRDA:151,27,0,3
BRDA:151,27,1,2
BRDA:152,28,0,2
BRDA:152,28,1,0
BRDA:153,29,0,1
BRDA:153,29,1,1
BRDA:163,30,0,1
BRDA:163,30,1,1
BRDA:167,31,0,0
BRDA:167,31,1,2
BRDA:168,32,0,0
BRDA:168,32,1,0
BRDA:169,33,0,0
BRDA:169,33,1,0
BRDA:169,34,0,0
BRDA:169,34,1,0
BRDA:169,34,2,0
BRDA:176,35,0,1
BRDA:176,35,1,1
BRDA:190,36,0,0
BRDA:190,36,1,0
BRDA:201,37,0,0
BRDA:201,37,1,2
BRDA:201,38,0,2
BRDA:201,38,1,2
BRDA:209,39,0,1
BRDA:209,39,1,1
BRDA:222,40,0,0
BRDA:222,40,1,2
BRDA:222,41,0,2
BRDA:222,41,1,2
BRDA:228,42,0,1
BRDA:228,42,1,1
BRDA:245,43,0,0
BRDA:245,43,1,4
BRDA:245,44,0,4
BRDA:245,44,1,4
BRDA:250,45,0,1
BRDA:250,45,1,3
BRDA:250,46,0,4
BRDA:250,46,1,3
BRDA:250,46,2,3
BRDA:253,47,0,0
BRDA:253,47,1,3
BRDA:256,48,0,1
BRDA:256,48,1,2
BRDA:256,49,0,3
BRDA:256,49,1,2
BRDA:256,49,2,2
BRDA:263,50,0,1
BRDA:263,50,1,1
BRF:108
BRH:87
end_of_record
